<?xml version="1.0" encoding="UTF-8"?>
<testsuite xmlns:xsi="http://www.w3.org/2001/XMLSchema-instance" xsi:noNamespaceSchemaLocation="https://maven.apache.org/surefire/maven-surefire-plugin/xsd/surefire-test-report-3.0.xsd" version="3.0" name="StudentAnalyzerTest$BVALegacyTests" time="0.043" tests="3" errors="0" skipped="0" failures="0">
  <properties>
[...]
</properties>
  <testcase name="testThresholdBoundaries" classname="StudentAnalyzerTest$BVALegacyTests" time="0.006"/>
  <testcase name="testValidRangeBoundaries" classname="StudentAnalyzerTest$BVALegacyTests" time="0.004"/>
  <testcase name="testAverageBoundaries" classname="StudentAnalyzerTest$BVALegacyTests" time="0.003"/>
</testsuite>